<?xml version="1.0" encoding="UTF-8"?>
<!-- Generated by org.testng.reporters.JUnitReportReporter -->
<testsuite hostname="MYSHEC312283L" failures="0" tests="2" name="com.hyr.Tests.AnnotationsTest" time="0.015" errors="0" timestamp="2024-01-27T08:35:26 EST" skipped="0">
  <testcase classname="com.hyr.Tests.AnnotationsTest" name="testMethod2" time="0.004"/>
  <testcase classname="com.hyr.Tests.AnnotationsTest" name="testMethod1" time="0.011"/>
</testsuite> <!-- com.hyr.Tests.AnnotationsTest -->
