<?xml version="1.0" encoding="UTF-8"?>
<!-- Generated by org.testng.reporters.JUnitReportReporter -->
<testsuite hostname="MYSHEC312283L" failures="0" tests="1" name="TestClass" time="0.009" errors="0" timestamp="2024-01-25T22:30:05 EST" skipped="0">
  <testcase classname="TestClass" name="foo" time="0.009"/>
</testsuite> <!-- TestClass -->
